[cl.eide] : [F7730281-5469-11CB-87F8-F9FCBC3479FE] : log at : 2019/12/26|14:54:40|GMT+0800



[cl.eide] : [F7730281-5469-11CB-87F8-F9FCBC3479FE] : log at : 2019/12/26|16:25:02|GMT+0800



[cl.eide] : [F7730281-5469-11CB-87F8-F9FCBC3479FE] : log at : 2019/12/26|16:25:11|GMT+0800



[cl.eide] : [F7730281-5469-11CB-87F8-F9FCBC3479FE] : log at : 2019/12/26|16:36:31|GMT+0800



[cl.eide] : [F7730281-5469-11CB-87F8-F9FCBC3479FE] : log at : 2019/12/28|11:30:17|GMT+0800



[cl.eide] : [F7730281-5469-11CB-87F8-F9FCBC3479FE] : log at : 2019/12/28|11:30:45|GMT+0800



[Error] : Error: write EPIPE
	at afterWriteDispatched (internal/stream_base_commons.js:146:25)
	at writeGeneric (internal/stream_base_commons.js:137:3)
	at Socket._writeGeneric (net.js:696:11)
	at Socket._write (net.js:708:8)
	at doWrite (_stream_writable.js:417:12)
	at writeOrBuffer (_stream_writable.js:401:5)
	at Socket.Writable.write (_stream_writable.js:301:11)
	at h.write (c:\Program Files\Microsoft VS Code\resources\app\out\vs\workbench\services\extensions\node\extensionHostProcess.js:195:370)
	at f._writeNow (c:\Program Files\Microsoft VS Code\resources\app\out\vs\workbench\services\extensions\node\extensionHostProcess.js:187:689)
	at Immediate.<anonymous> (c:\Program Files\Microsoft VS Code\resources\app\out\vs\workbench\services\extensions\node\extensionHostProcess.js:187:627)
	at processImmediate (internal/timers.js:439:21)
[cl.eide] : [F7730281-5469-11CB-87F8-F9FCBC3479FE] : log at : 2019/12/28|11:32:14|GMT+0800



[cl.eide] : [F7730281-5469-11CB-87F8-F9FCBC3479FE] : log at : 2020/3/2|11:21:40|GMT+0800



[cl.eide] : [F7730281-5469-11CB-87F8-F9FCBC3479FE] : log at : 2020/3/2|19:56:54|GMT+0800



[cl.eide] : [F7730281-5469-11CB-87F8-F9FCBC3479FE] : log at : 2020/3/7|13:49:20|GMT+0800



[cl.eide] : [F7730281-5469-11CB-87F8-F9FCBC3479FE] : log at : 2020/3/7|13:49:29|GMT+0800



[cl.eide] : [F7730281-5469-11CB-87F8-F9FCBC3479FE] : log at : 2020/3/7|19:39:55|GMT+0800



[cl.eide] : [F7730281-5469-11CB-87F8-F9FCBC3479FE] : log at : 2020/3/9|15:18:19|GMT+0800



[Error] : Error: write EPIPE
	at afterWriteDispatched (internal/stream_base_commons.js:146:25)
	at writeGeneric (internal/stream_base_commons.js:137:3)
	at Socket._writeGeneric (net.js:696:11)
	at Socket._write (net.js:708:8)
	at doWrite (_stream_writable.js:417:12)
	at writeOrBuffer (_stream_writable.js:401:5)
	at Socket.Writable.write (_stream_writable.js:301:11)
	at h.write (c:\Program Files\Microsoft VS Code\resources\app\out\vs\workbench\services\extensions\node\extensionHostProcess.js:197:36)
	at f._writeNow (c:\Program Files\Microsoft VS Code\resources\app\out\vs\workbench\services\extensions\node\extensionHostProcess.js:189:429)
	at Immediate.<anonymous> (c:\Program Files\Microsoft VS Code\resources\app\out\vs\workbench\services\extensions\node\extensionHostProcess.js:189:367)
	at processImmediate (internal/timers.js:439:21)
[cl.eide] : [F7730281-5469-11CB-87F8-F9FCBC3479FE] : log at : 2020/3/9|15:29:11|GMT+0800



[cl.eide] : [F7730281-5469-11CB-87F8-F9FCBC3479FE] : log at : 2020/3/10|16:43:21|GMT+0800



[cl.eide] : [F7730281-5469-11CB-87F8-F9FCBC3479FE] : log at : 2020/4/3|16:47:07|GMT+0800



[cl.eide] : [F7730281-5469-11CB-87F8-F9FCBC3479FE] : log at : 2020/4/5|10:12:02|GMT+0800
[Error] : Error: EBUSY: resource busy or locked, open 'c:\Users\Administrator\Documents\Source\MCU\maoya\.EIDE\EIDE.json'
	at Object.openSync (fs.js:447:3)
	at Object.func (electron/js2c/asar.js:140:31)
	at Object.func [as openSync] (electron/js2c/asar.js:140:31)
	at Object.writeFileSync (fs.js:1206:35)
	at File.Write (c:\Users\Administrator\.vscode\extensions\cl.eide-1.1.1\out\lib\node-utility\File.js:234:12)
	at ProjectConfiguration.Save (c:\Users\Administrator\.vscode\extensions\cl.eide-1.1.1\out\src\EIDETypeDefine.js:58:27)
	at ProjectConfiguration.Save (c:\Users\Administrator\.vscode\extensions\cl.eide-1.1.1\out\src\EIDETypeDefine.js:492:15)
	at EIDEProject.UpdateDataChangedCount (c:\Users\Administrator\.vscode\extensions\cl.eide-1.1.1\out\src\EIDEProject.js:1024:37)
	at EventEmitter.<anonymous> (c:\Users\Administrator\.vscode\extensions\cl.eide-1.1.1\out\src\EIDEProject.js:1055:18)
	at EventEmitter.emit (events.js:203:13)
	at ProjectConfiguration.emit (c:\Users\Administrator\.vscode\extensions\cl.eide-1.1.1\out\src\EIDETypeDefine.js:50:21)
	at EventEmitter.<anonymous> (c:\Users\Administrator\.vscode\extensions\cl.eide-1.1.1\out\src\EIDEProject.js:1084:23)
	at EventEmitter.emit (events.js:203:13)
	at EIDEProject.emit (c:\Users\Administrator\.vscode\extensions\cl.eide-1.1.1\out\src\EIDEProject.js:837:28)
	at FileWatcher.watcher.OnRename (c:\Users\Administrator\.vscode\extensions\cl.eide-1.1.1\out\src\EIDEProject.js:938:47)
	at FSWatcher.<anonymous> (c:\Users\Administrator\.vscode\extensions\cl.eide-1.1.1\out\lib\node-utility\FileWatcher.js:17:34)
	at FSWatcher.emit (events.js:203:13)
	at FSEvent.FSWatcher._handle.onchange (internal/fs/watchers.js:131:12)
[Error] : Error: EBUSY: resource busy or locked, open 'c:\Users\Administrator\Documents\Source\MCU\maoya\.EIDE\EIDE.json'
	at Object.openSync (fs.js:447:3)
	at Object.func (electron/js2c/asar.js:140:31)
	at Object.func [as openSync] (electron/js2c/asar.js:140:31)
	at Object.writeFileSync (fs.js:1206:35)
	at File.Write (c:\Users\Administrator\.vscode\extensions\cl.eide-1.1.1\out\lib\node-utility\File.js:234:12)
	at ProjectConfiguration.Save (c:\Users\Administrator\.vscode\extensions\cl.eide-1.1.1\out\src\EIDETypeDefine.js:58:27)
	at ProjectConfiguration.Save (c:\Users\Administrator\.vscode\extensions\cl.eide-1.1.1\out\src\EIDETypeDefine.js:492:15)
	at EIDEProject.UpdateDataChangedCount (c:\Users\Administrator\.vscode\extensions\cl.eide-1.1.1\out\src\EIDEProject.js:1024:37)
	at EventEmitter.<anonymous> (c:\Users\Administrator\.vscode\extensions\cl.eide-1.1.1\out\src\EIDEProject.js:1055:18)
	at EventEmitter.emit (events.js:203:13)
	at ProjectConfiguration.emit (c:\Users\Administrator\.vscode\extensions\cl.eide-1.1.1\out\src\EIDETypeDefine.js:50:21)
	at EventEmitter.<anonymous> (c:\Users\Administrator\.vscode\extensions\cl.eide-1.1.1\out\src\EIDEProject.js:1084:23)
	at EventEmitter.emit (events.js:203:13)
	at EIDEProject.emit (c:\Users\Administrator\.vscode\extensions\cl.eide-1.1.1\out\src\EIDEProject.js:837:28)
	at FileWatcher.watcher.OnRename (c:\Users\Administrator\.vscode\extensions\cl.eide-1.1.1\out\src\EIDEProject.js:938:47)
	at FSWatcher.<anonymous> (c:\Users\Administrator\.vscode\extensions\cl.eide-1.1.1\out\lib\node-utility\FileWatcher.js:17:34)
	at FSWatcher.emit (events.js:203:13)
	at FSEvent.FSWatcher._handle.onchange (internal/fs/watchers.js:131:12)
[Error] : Error: EBUSY: resource busy or locked, open 'c:\Users\Administrator\Documents\Source\MCU\maoya\.EIDE\EIDE.json'
	at Object.openSync (fs.js:447:3)
	at Object.func (electron/js2c/asar.js:140:31)
	at Object.func [as openSync] (electron/js2c/asar.js:140:31)
	at Object.writeFileSync (fs.js:1206:35)
	at File.Write (c:\Users\Administrator\.vscode\extensions\cl.eide-1.1.1\out\lib\node-utility\File.js:234:12)
	at ProjectConfiguration.Save (c:\Users\Administrator\.vscode\extensions\cl.eide-1.1.1\out\src\EIDETypeDefine.js:58:27)
	at ProjectConfiguration.Save (c:\Users\Administrator\.vscode\extensions\cl.eide-1.1.1\out\src\EIDETypeDefine.js:492:15)
	at EIDEProject.UpdateDataChangedCount (c:\Users\Administrator\.vscode\extensions\cl.eide-1.1.1\out\src\EIDEProject.js:1024:37)
	at EventEmitter.<anonymous> (c:\Users\Administrator\.vscode\extensions\cl.eide-1.1.1\out\src\EIDEProject.js:1055:18)
	at EventEmitter.emit (events.js:203:13)
	at ProjectConfiguration.emit (c:\Users\Administrator\.vscode\extensions\cl.eide-1.1.1\out\src\EIDETypeDefine.js:50:21)
	at EventEmitter.<anonymous> (c:\Users\Administrator\.vscode\extensions\cl.eide-1.1.1\out\src\EIDEProject.js:1084:23)
	at EventEmitter.emit (events.js:203:13)
	at EIDEProject.emit (c:\Users\Administrator\.vscode\extensions\cl.eide-1.1.1\out\src\EIDEProject.js:837:28)
	at FileWatcher.watcher.OnRename (c:\Users\Administrator\.vscode\extensions\cl.eide-1.1.1\out\src\EIDEProject.js:938:47)
	at FSWatcher.<anonymous> (c:\Users\Administrator\.vscode\extensions\cl.eide-1.1.1\out\lib\node-utility\FileWatcher.js:17:34)
	at FSWatcher.emit (events.js:203:13)
	at FSEvent.FSWatcher._handle.onchange (internal/fs/watchers.js:131:12)
[Error] : Error: EBUSY: resource busy or locked, open 'c:\Users\Administrator\Documents\Source\MCU\maoya\.EIDE\EIDE.json'
	at Object.openSync (fs.js:447:3)
	at Object.func (electron/js2c/asar.js:140:31)
	at Object.func [as openSync] (electron/js2c/asar.js:140:31)
	at Object.writeFileSync (fs.js:1206:35)
	at File.Write (c:\Users\Administrator\.vscode\extensions\cl.eide-1.1.1\out\lib\node-utility\File.js:234:12)
	at ProjectConfiguration.Save (c:\Users\Administrator\.vscode\extensions\cl.eide-1.1.1\out\src\EIDETypeDefine.js:58:27)
	at ProjectConfiguration.Save (c:\Users\Administrator\.vscode\extensions\cl.eide-1.1.1\out\src\EIDETypeDefine.js:492:15)
	at EIDEProject.UpdateDataChangedCount (c:\Users\Administrator\.vscode\extensions\cl.eide-1.1.1\out\src\EIDEProject.js:1024:37)
	at EventEmitter.<anonymous> (c:\Users\Administrator\.vscode\extensions\cl.eide-1.1.1\out\src\EIDEProject.js:1055:18)
	at EventEmitter.emit (events.js:203:13)
	at ProjectConfiguration.emit (c:\Users\Administrator\.vscode\extensions\cl.eide-1.1.1\out\src\EIDETypeDefine.js:50:21)
	at EventEmitter.<anonymous> (c:\Users\Administrator\.vscode\extensions\cl.eide-1.1.1\out\src\EIDEProject.js:1084:23)
	at EventEmitter.emit (events.js:203:13)
	at EIDEProject.emit (c:\Users\Administrator\.vscode\extensions\cl.eide-1.1.1\out\src\EIDEProject.js:837:28)
	at FileWatcher.watcher.OnRename (c:\Users\Administrator\.vscode\extensions\cl.eide-1.1.1\out\src\EIDEProject.js:938:47)
	at FSWatcher.<anonymous> (c:\Users\Administrator\.vscode\extensions\cl.eide-1.1.1\out\lib\node-utility\FileWatcher.js:17:34)
	at FSWatcher.emit (events.js:203:13)
	at FSEvent.FSWatcher._handle.onchange (internal/fs/watchers.js:131:12)
[Error] : Error: EBUSY: resource busy or locked, open 'c:\Users\Administrator\Documents\Source\MCU\maoya\.EIDE\EIDE.json'
	at Object.openSync (fs.js:447:3)
	at Object.func (electron/js2c/asar.js:140:31)
	at Object.func [as openSync] (electron/js2c/asar.js:140:31)
	at Object.writeFileSync (fs.js:1206:35)
	at File.Write (c:\Users\Administrator\.vscode\extensions\cl.eide-1.1.1\out\lib\node-utility\File.js:234:12)
	at ProjectConfiguration.Save (c:\Users\Administrator\.vscode\extensions\cl.eide-1.1.1\out\src\EIDETypeDefine.js:58:27)
	at ProjectConfiguration.Save (c:\Users\Administrator\.vscode\extensions\cl.eide-1.1.1\out\src\EIDETypeDefine.js:492:15)
	at EIDEProject.UpdateDataChangedCount (c:\Users\Administrator\.vscode\extensions\cl.eide-1.1.1\out\src\EIDEProject.js:1024:37)
	at EventEmitter.<anonymous> (c:\Users\Administrator\.vscode\extensions\cl.eide-1.1.1\out\src\EIDEProject.js:1055:18)
	at EventEmitter.emit (events.js:203:13)
	at ProjectConfiguration.emit (c:\Users\Administrator\.vscode\extensions\cl.eide-1.1.1\out\src\EIDETypeDefine.js:50:21)
	at EventEmitter.<anonymous> (c:\Users\Administrator\.vscode\extensions\cl.eide-1.1.1\out\src\EIDEProject.js:1084:23)
	at EventEmitter.emit (events.js:203:13)
	at EIDEProject.emit (c:\Users\Administrator\.vscode\extensions\cl.eide-1.1.1\out\src\EIDEProject.js:837:28)
	at FileWatcher.watcher.OnRename (c:\Users\Administrator\.vscode\extensions\cl.eide-1.1.1\out\src\EIDEProject.js:938:47)
	at FSWatcher.<anonymous> (c:\Users\Administrator\.vscode\extensions\cl.eide-1.1.1\out\lib\node-utility\FileWatcher.js:17:34)
	at FSWatcher.emit (events.js:203:13)
	at FSEvent.FSWatcher._handle.onchange (internal/fs/watchers.js:131:12)
[Error] : Error: EBUSY: resource busy or locked, open 'c:\Users\Administrator\Documents\Source\MCU\maoya\.EIDE\EIDE.json'
	at Object.openSync (fs.js:447:3)
	at Object.func (electron/js2c/asar.js:140:31)
	at Object.func [as openSync] (electron/js2c/asar.js:140:31)
	at Object.writeFileSync (fs.js:1206:35)
	at File.Write (c:\Users\Administrator\.vscode\extensions\cl.eide-1.1.1\out\lib\node-utility\File.js:234:12)
	at ProjectConfiguration.Save (c:\Users\Administrator\.vscode\extensions\cl.eide-1.1.1\out\src\EIDETypeDefine.js:58:27)
	at ProjectConfiguration.Save (c:\Users\Administrator\.vscode\extensions\cl.eide-1.1.1\out\src\EIDETypeDefine.js:492:15)
	at EIDEProject.UpdateDataChangedCount (c:\Users\Administrator\.vscode\extensions\cl.eide-1.1.1\out\src\EIDEProject.js:1024:37)
	at EventEmitter.<anonymous> (c:\Users\Administrator\.vscode\extensions\cl.eide-1.1.1\out\src\EIDEProject.js:1055:18)
	at EventEmitter.emit (events.js:203:13)
	at ProjectConfiguration.emit (c:\Users\Administrator\.vscode\extensions\cl.eide-1.1.1\out\src\EIDETypeDefine.js:50:21)
	at EventEmitter.<anonymous> (c:\Users\Administrator\.vscode\extensions\cl.eide-1.1.1\out\src\EIDEProject.js:1084:23)
	at EventEmitter.emit (events.js:203:13)
	at EIDEProject.emit (c:\Users\Administrator\.vscode\extensions\cl.eide-1.1.1\out\src\EIDEProject.js:837:28)
	at FileWatcher.watcher.OnRename (c:\Users\Administrator\.vscode\extensions\cl.eide-1.1.1\out\src\EIDEProject.js:938:47)
	at FSWatcher.<anonymous> (c:\Users\Administrator\.vscode\extensions\cl.eide-1.1.1\out\lib\node-utility\FileWatcher.js:17:34)
	at FSWatcher.emit (events.js:203:13)
	at FSEvent.FSWatcher._handle.onchange (internal/fs/watchers.js:131:12)
[Error] : Error: EBUSY: resource busy or locked, open 'c:\Users\Administrator\Documents\Source\MCU\maoya\.EIDE\EIDE.json'
	at Object.openSync (fs.js:447:3)
	at Object.func (electron/js2c/asar.js:140:31)
	at Object.func [as openSync] (electron/js2c/asar.js:140:31)
	at Object.writeFileSync (fs.js:1206:35)
	at File.Write (c:\Users\Administrator\.vscode\extensions\cl.eide-1.1.1\out\lib\node-utility\File.js:234:12)
	at ProjectConfiguration.Save (c:\Users\Administrator\.vscode\extensions\cl.eide-1.1.1\out\src\EIDETypeDefine.js:58:27)
	at ProjectConfiguration.Save (c:\Users\Administrator\.vscode\extensions\cl.eide-1.1.1\out\src\EIDETypeDefine.js:492:15)
	at EIDEProject.UpdateDataChangedCount (c:\Users\Administrator\.vscode\extensions\cl.eide-1.1.1\out\src\EIDEProject.js:1024:37)
	at EventEmitter.<anonymous> (c:\Users\Administrator\.vscode\extensions\cl.eide-1.1.1\out\src\EIDEProject.js:1055:18)
	at EventEmitter.emit (events.js:203:13)
	at ProjectConfiguration.emit (c:\Users\Administrator\.vscode\extensions\cl.eide-1.1.1\out\src\EIDETypeDefine.js:50:21)
	at EventEmitter.<anonymous> (c:\Users\Administrator\.vscode\extensions\cl.eide-1.1.1\out\src\EIDEProject.js:1084:23)
	at EventEmitter.emit (events.js:203:13)
	at EIDEProject.emit (c:\Users\Administrator\.vscode\extensions\cl.eide-1.1.1\out\src\EIDEProject.js:837:28)
	at FileWatcher.watcher.OnRename (c:\Users\Administrator\.vscode\extensions\cl.eide-1.1.1\out\src\EIDEProject.js:938:47)
	at FSWatcher.<anonymous> (c:\Users\Administrator\.vscode\extensions\cl.eide-1.1.1\out\lib\node-utility\FileWatcher.js:17:34)
	at FSWatcher.emit (events.js:203:13)
	at FSEvent.FSWatcher._handle.onchange (internal/fs/watchers.js:131:12)
[Error] : Error: EBUSY: resource busy or locked, open 'c:\Users\Administrator\Documents\Source\MCU\maoya\.EIDE\EIDE.json'
	at Object.openSync (fs.js:447:3)
	at Object.func (electron/js2c/asar.js:140:31)
	at Object.func [as openSync] (electron/js2c/asar.js:140:31)
	at Object.writeFileSync (fs.js:1206:35)
	at File.Write (c:\Users\Administrator\.vscode\extensions\cl.eide-1.1.1\out\lib\node-utility\File.js:234:12)
	at ProjectConfiguration.Save (c:\Users\Administrator\.vscode\extensions\cl.eide-1.1.1\out\src\EIDETypeDefine.js:58:27)
	at ProjectConfiguration.Save (c:\Users\Administrator\.vscode\extensions\cl.eide-1.1.1\out\src\EIDETypeDefine.js:492:15)
	at EIDEProject.UpdateDataChangedCount (c:\Users\Administrator\.vscode\extensions\cl.eide-1.1.1\out\src\EIDEProject.js:1024:37)
	at EventEmitter.<anonymous> (c:\Users\Administrator\.vscode\extensions\cl.eide-1.1.1\out\src\EIDEProject.js:1055:18)
	at EventEmitter.emit (events.js:203:13)
	at ProjectConfiguration.emit (c:\Users\Administrator\.vscode\extensions\cl.eide-1.1.1\out\src\EIDETypeDefine.js:50:21)
	at EventEmitter.<anonymous> (c:\Users\Administrator\.vscode\extensions\cl.eide-1.1.1\out\src\EIDEProject.js:1084:23)
	at EventEmitter.emit (events.js:203:13)
	at EIDEProject.emit (c:\Users\Administrator\.vscode\extensions\cl.eide-1.1.1\out\src\EIDEProject.js:837:28)
	at FileWatcher.watcher.OnRename (c:\Users\Administrator\.vscode\extensions\cl.eide-1.1.1\out\src\EIDEProject.js:938:47)
	at FSWatcher.<anonymous> (c:\Users\Administrator\.vscode\extensions\cl.eide-1.1.1\out\lib\node-utility\FileWatcher.js:17:34)
	at FSWatcher.emit (events.js:203:13)
	at FSEvent.FSWatcher._handle.onchange (internal/fs/watchers.js:131:12)



[cl.eide] : [F7730281-5469-11CB-87F8-F9FCBC3479FE] : log at : 2020/4/5|14:32:14|GMT+0800



[Error] : Error: write EPIPE
	at afterWriteDispatched (internal/stream_base_commons.js:146:25)
	at writeGeneric (internal/stream_base_commons.js:137:3)
	at Socket._writeGeneric (net.js:698:11)
	at Socket._write (net.js:710:8)
	at doWrite (_stream_writable.js:418:12)
	at writeOrBuffer (_stream_writable.js:402:5)
	at Socket.Writable.write (_stream_writable.js:302:11)
	at h.write (c:\Program Files\Microsoft VS Code\resources\app\out\vs\workbench\services\extensions\node\extensionHostProcess.js:197:534)
	at f._writeNow (c:\Program Files\Microsoft VS Code\resources\app\out\vs\workbench\services\extensions\node\extensionHostProcess.js:189:849)
	at Immediate.<anonymous> (c:\Program Files\Microsoft VS Code\resources\app\out\vs\workbench\services\extensions\node\extensionHostProcess.js:189:787)
	at processImmediate (internal/timers.js:439:21)
[cl.eide] : [F7730281-5469-11CB-87F8-F9FCBC3479FE] : log at : 2020/4/6|19:54:51|GMT+0800



[cl.eide] : [F7730281-5469-11CB-87F8-F9FCBC3479FE] : log at : 2020/4/6|20:03:13|GMT+0800
[cl.eide] : [F7730281-5469-11CB-87F8-F9FCBC3479FE] : log at : 2020/4/6|20:47:20|GMT+0800



[cl.eide] : [F7730281-5469-11CB-87F8-F9FCBC3479FE] : log at : 2020/4/10|17:58:36|GMT+0800



[cl.eide] : [F7730281-5469-11CB-87F8-F9FCBC3479FE] : log at : 2020/4/10|17:59:48|GMT+0800
